<?xml version="1.0" encoding="UTF-8"?>
<!-- Generated by org.testng.reporters.JUnitXMLReporter -->
<testsuite ignored="0" hostname="LAPTOP-JP0PMRBK" failures="1" tests="1" name="Test" time="11.283" errors="0" timestamp="2024-10-30T09:51:11 CDT">
  <testcase classname="testCases.TC002_LoginTest" name="verify_login" time="7.006">
    <failure type="java.lang.AssertionError" message="expected [true] but found [false]">
      <![CDATA[java.lang.AssertionError: expected [true] but found [false]
at testCases.TC002_LoginTest.verify_login(TC002_LoginTest.java:35)
at java.base/java.util.ArrayList.forEach(ArrayList.java:1511)
... Removed 31 stack frames]]>
    </failure>
  </testcase> <!-- verify_login -->
</testsuite> <!-- Test -->
